#
# There is insufficient memory for the Java Runtime Environment to continue.
# Native memory allocation (malloc) failed to allocate 1614576 bytes for Chunk::new
# Possible reasons:
#   The system is out of physical RAM or swap space
#   In 32 bit mode, the process size limit was hit
# Possible solutions:
#   Reduce memory load on the system
#   Increase physical memory or swap space
#   Check if swap backing store is full
#   Use 64 bit Java on a 64 bit OS
#   Decrease Java heap size (-Xmx/-Xms)
#   Decrease number of Java threads
#   Decrease Java thread stack sizes (-Xss)
#   Set larger code cache with -XX:ReservedCodeCacheSize=
# This output file may be truncated or incomplete.
#
#  Out of Memory Error (allocation.cpp:390), pid=7260, tid=6784
#
# JRE version: Java(TM) SE Runtime Environment (8.0_60-b27) (build 1.8.0_60-b27)
# Java VM: Java HotSpot(TM) 64-Bit Server VM (25.60-b23 mixed mode windows-amd64 compressed oops)
# Failed to write core dump. Minidumps are not enabled by default on client versions of Windows
#

---------------  T H R E A D  ---------------

Current thread (0x0000000056044000):  JavaThread "C2 CompilerThread1" daemon [_thread_in_native, id=6784, stack(0x0000000056870000,0x0000000056970000)]

Stack: [0x0000000056870000,0x0000000056970000]
[error occurred during error reporting (printing stack bounds), id 0xc0000005]

Native frames: (J=compiled Java code, j=interpreted, Vv=VM code, C=native code)


Current CompileTask:
C2:   5738 2399   !   4       com.android.dx.cf.code.Ropper::processBlock (1101 bytes)


---------------  P R O C E S S  ---------------

Java Threads: ( => current thread )
  0x000000005642f000 JavaThread "pool-1-thread-4" [_thread_blocked, id=7724, stack(0x0000000057ab0000,0x0000000057bb0000)]
  0x000000005642c800 JavaThread "pool-1-thread-3" [_thread_blocked, id=2580, stack(0x0000000057770000,0x0000000057870000)]
  0x000000005642b800 JavaThread "pool-1-thread-2" [_thread_blocked, id=7568, stack(0x0000000057870000,0x0000000057970000)]
  0x000000005642b000 JavaThread "pool-2-thread-1" [_thread_blocked, id=6512, stack(0x0000000056b20000,0x0000000056c20000)]
  0x0000000056429000 JavaThread "pool-1-thread-1" [_thread_blocked, id=1948, stack(0x00000000575d0000,0x00000000576d0000)]
  0x0000000056051800 JavaThread "Service Thread" daemon [_thread_blocked, id=8128, stack(0x0000000056750000,0x0000000056850000)]
  0x0000000056045000 JavaThread "C1 CompilerThread2" daemon [_thread_blocked, id=1400, stack(0x0000000056a00000,0x0000000056b00000)]
=>0x0000000056044000 JavaThread "C2 CompilerThread1" daemon [_thread_in_native, id=6784, stack(0x0000000056870000,0x0000000056970000)]
  0x0000000054d9c000 JavaThread "C2 CompilerThread0" daemon [_thread_in_native, id=7140, stack(0x0000000056490000,0x0000000056590000)]
  0x000000005603a800 JavaThread "Attach Listener" daemon [_thread_blocked, id=6968, stack(0x00000000565d0000,0x00000000566d0000)]
  0x0000000056039800 JavaThread "Signal Dispatcher" daemon [_thread_blocked, id=7368, stack(0x00000000021f0000,0x00000000022f0000)]
  0x0000000054d30800 JavaThread "Finalizer" daemon [_thread_blocked, id=5844, stack(0x0000000055f30000,0x0000000056030000)]
  0x0000000054d2f000 JavaThread "Reference Handler" daemon [_thread_blocked, id=3460, stack(0x0000000055be0000,0x0000000055ce0000)]
  0x000000000214e000 JavaThread "main" [_thread_blocked, id=1764, stack(0x00000000022f0000,0x00000000023f0000)]

Other Threads:
  0x0000000054d2b800 VMThread [stack: 0x0000000055d00000,0x0000000055e00000] [id=6704]
  0x00000000560ff000 WatcherThread [stack: 0x0000000056c60000,0x0000000056d60000] [id=6668]

VM state:not at safepoint (normal execution)

VM Mutex/Monitor currently owned by a thread: None

Heap:
 PSYoungGen      total 138240K, used 12340K [0x00000000eab00000, 0x00000000fe600000, 0x0000000100000000)
  eden space 133120K, 5% used [0x00000000eab00000,0x00000000eb2109e0,0x00000000f2d00000)
  from space 5120K, 99% used [0x00000000f2d00000,0x00000000f31fc8d8,0x00000000f3200000)
  to   space 28160K, 0% used [0x00000000fca80000,0x00000000fca80000,0x00000000fe600000)
 ParOldGen       total 87552K, used 43440K [0x00000000c0000000, 0x00000000c5580000, 0x00000000eab00000)
  object space 87552K, 49% used [0x00000000c0000000,0x00000000c2a6c210,0x00000000c5580000)
 Metaspace       used 6554K, capacity 7256K, committed 7424K, reserved 1056768K
  class space    used 628K, capacity 656K, committed 768K, reserved 1048576K

Card table byte_map: [0x00000000117b0000,0x00000000119c0000] byte_map_base: 0x00000000111b0000

Marking Bits: (ParMarkBitMap*) 0x0000000060d1a5b0
 Begin Bits: [0x00000000121a0000, 0x00000000131a0000)
 End Bits:   [0x00000000131a0000, 0x00000000141a0000)

Polling page: 0x00000000001a0000

CodeCache: size=245760Kb used=10395Kb max_used=10408Kb free=235364Kb
 bounds [0x00000000023f0000, 0x0000000002e30000, 0x00000000113f0000]
 total_blobs=2569 nmethods=2297 adapters=184
 compilation: enabled

Compilation events (10 events):
Event: 5.582 Thread 0x0000000054d9c000 nmethod 2369 0x0000000002e0bb10 code [0x0000000002e0bd20, 0x0000000002e0d148]
Event: 5.582 Thread 0x0000000054d9c000 2411   !   4       com.android.dx.cf.code.BytecodeArray::parseInstruction (2764 bytes)
Event: 5.685 Thread 0x0000000054d9c000 nmethod 2411 0x0000000002e17050 code [0x0000000002e18800, 0x0000000002e1f690]
Event: 5.685 Thread 0x0000000054d9c000 2382       4       com.android.dx.util.LabeledList::<init> (57 bytes)
Event: 5.694 Thread 0x0000000054d9c000 nmethod 2382 0x0000000002e15ed0 code [0x0000000002e16060, 0x0000000002e16978]
Event: 5.694 Thread 0x0000000054d9c000 2371   !   4       com.android.dx.rop.type.Prototype::intern (233 bytes)
Event: 5.734 Thread 0x0000000056045000 2415       3       com.android.dx.ssa.SsaMethod::onInsnRemoved (43 bytes)
Event: 5.734 Thread 0x0000000056045000 nmethod 2415 0x0000000002df6610 code [0x0000000002df67a0, 0x0000000002df6d38]
Event: 5.734 Thread 0x0000000056045000 2416       3       com.android.dx.ssa.SsaMethod::deleteInsns (239 bytes)
Event: 5.736 Thread 0x0000000056045000 nmethod 2416 0x0000000002e11ed0 code [0x0000000002e122c0, 0x0000000002e146d8]

GC Heap History (10 events):
Event: 0.653 GC heap before
{Heap before GC invocations=1 (full 0):
 PSYoungGen      total 38400K, used 33280K [0x00000000eab00000, 0x00000000ed580000, 0x0000000100000000)
  eden space 33280K, 100% used [0x00000000eab00000,0x00000000ecb80000,0x00000000ecb80000)
  from space 5120K, 0% used [0x00000000ed080000,0x00000000ed080000,0x00000000ed580000)
  to   space 5120K, 0% used [0x00000000ecb80000,0x00000000ecb80000,0x00000000ed080000)
 ParOldGen       total 87552K, used 0K [0x00000000c0000000, 0x00000000c5580000, 0x00000000eab00000)
  object space 87552K, 0% used [0x00000000c0000000,0x00000000c0000000,0x00000000c5580000)
 Metaspace       used 5858K, capacity 6772K, committed 7040K, reserved 1056768K
  class space    used 604K, capacity 620K, committed 640K, reserved 1048576K
Event: 0.684 GC heap after
Heap after GC invocations=1 (full 0):
 PSYoungGen      total 38400K, used 4940K [0x00000000eab00000, 0x00000000ef600000, 0x0000000100000000)
  eden space 33280K, 0% used [0x00000000eab00000,0x00000000eab00000,0x00000000ecb80000)
  from space 5120K, 96% used [0x00000000ecb80000,0x00000000ed053250,0x00000000ed080000)
  to   space 5120K, 0% used [0x00000000ef100000,0x00000000ef100000,0x00000000ef600000)
 ParOldGen       total 87552K, used 0K [0x00000000c0000000, 0x00000000c5580000, 0x00000000eab00000)
  object space 87552K, 0% used [0x00000000c0000000,0x00000000c0000000,0x00000000c5580000)
 Metaspace       used 5858K, capacity 6772K, committed 7040K, reserved 1056768K
  class space    used 604K, capacity 620K, committed 640K, reserved 1048576K
}
Event: 1.177 GC heap before
{Heap before GC invocations=2 (full 0):
 PSYoungGen      total 38400K, used 38220K [0x00000000eab00000, 0x00000000ef600000, 0x0000000100000000)
  eden space 33280K, 100% used [0x00000000eab00000,0x00000000ecb80000,0x00000000ecb80000)
  from space 5120K, 96% used [0x00000000ecb80000,0x00000000ed053250,0x00000000ed080000)
  to   space 5120K, 0% used [0x00000000ef100000,0x00000000ef100000,0x00000000ef600000)
 ParOldGen       total 87552K, used 0K [0x00000000c0000000, 0x00000000c5580000, 0x00000000eab00000)
  object space 87552K, 0% used [0x00000000c0000000,0x00000000c0000000,0x00000000c5580000)
 Metaspace       used 6072K, capacity 6964K, committed 7040K, reserved 1056768K
  class space    used 607K, capacity 620K, committed 640K, reserved 1048576K
Event: 1.185 GC heap after
Heap after GC invocations=2 (full 0):
 PSYoungGen      total 71680K, used 5102K [0x00000000eab00000, 0x00000000ef600000, 0x0000000100000000)
  eden space 66560K, 0% used [0x00000000eab00000,0x00000000eab00000,0x00000000eec00000)
  from space 5120K, 99% used [0x00000000ef100000,0x00000000ef5fbb48,0x00000000ef600000)
  to   space 5120K, 0% used [0x00000000eec00000,0x00000000eec00000,0x00000000ef100000)
 ParOldGen       total 87552K, used 3676K [0x00000000c0000000, 0x00000000c5580000, 0x00000000eab00000)
  object space 87552K, 4% used [0x00000000c0000000,0x00000000c0397090,0x00000000c5580000)
 Metaspace       used 6072K, capacity 6964K, committed 7040K, reserved 1056768K
  class space    used 607K, capacity 620K, committed 640K, reserved 1048576K
}
Event: 1.496 GC heap before
{Heap before GC invocations=3 (full 0):
 PSYoungGen      total 71680K, used 71662K [0x00000000eab00000, 0x00000000ef600000, 0x0000000100000000)
  eden space 66560K, 100% used [0x00000000eab00000,0x00000000eec00000,0x00000000eec00000)
  from space 5120K, 99% used [0x00000000ef100000,0x00000000ef5fbb48,0x00000000ef600000)
  to   space 5120K, 0% used [0x00000000eec00000,0x00000000eec00000,0x00000000ef100000)
 ParOldGen       total 87552K, used 3676K [0x00000000c0000000, 0x00000000c5580000, 0x00000000eab00000)
  object space 87552K, 4% used [0x00000000c0000000,0x00000000c0397090,0x00000000c5580000)
 Metaspace       used 6156K, capacity 7028K, committed 7296K, reserved 1056768K
  class space    used 607K, capacity 620K, committed 640K, reserved 1048576K
Event: 1.576 GC heap after
Heap after GC invocations=3 (full 0):
 PSYoungGen      total 71680K, used 5088K [0x00000000eab00000, 0x00000000f3700000, 0x0000000100000000)
  eden space 66560K, 0% used [0x00000000eab00000,0x00000000eab00000,0x00000000eec00000)
  from space 5120K, 99% used [0x00000000eec00000,0x00000000ef0f82b8,0x00000000ef100000)
  to   space 5120K, 0% used [0x00000000f3200000,0x00000000f3200000,0x00000000f3700000)
 ParOldGen       total 87552K, used 12090K [0x00000000c0000000, 0x00000000c5580000, 0x00000000eab00000)
  object space 87552K, 13% used [0x00000000c0000000,0x00000000c0bceb48,0x00000000c5580000)
 Metaspace       used 6156K, capacity 7028K, committed 7296K, reserved 1056768K
  class space    used 607K, capacity 620K, committed 640K, reserved 1048576K
}
Event: 2.162 GC heap before
{Heap before GC invocations=4 (full 0):
 PSYoungGen      total 71680K, used 71648K [0x00000000eab00000, 0x00000000f3700000, 0x0000000100000000)
  eden space 66560K, 100% used [0x00000000eab00000,0x00000000eec00000,0x00000000eec00000)
  from space 5120K, 99% used [0x00000000eec00000,0x00000000ef0f82b8,0x00000000ef100000)
  to   space 5120K, 0% used [0x00000000f3200000,0x00000000f3200000,0x00000000f3700000)
 ParOldGen       total 87552K, used 12090K [0x00000000c0000000, 0x00000000c5580000, 0x00000000eab00000)
  object space 87552K, 13% used [0x00000000c0000000,0x00000000c0bceb48,0x00000000c5580000)
 Metaspace       used 6344K, capacity 7156K, committed 7296K, reserved 1056768K
  class space    used 607K, capacity 620K, committed 640K, reserved 1048576K
Event: 2.248 GC heap after
Heap after GC invocations=4 (full 0):
 PSYoungGen      total 138240K, used 5097K [0x00000000eab00000, 0x00000000f3700000, 0x0000000100000000)
  eden space 133120K, 0% used [0x00000000eab00000,0x00000000eab00000,0x00000000f2d00000)
  from space 5120K, 99% used [0x00000000f3200000,0x00000000f36fa588,0x00000000f3700000)
  to   space 5120K, 0% used [0x00000000f2d00000,0x00000000f2d00000,0x00000000f3200000)
 ParOldGen       total 87552K, used 21842K [0x00000000c0000000, 0x00000000c5580000, 0x00000000eab00000)
  object space 87552K, 24% used [0x00000000c0000000,0x00000000c1554b28,0x00000000c5580000)
 Metaspace       used 6344K, capacity 7156K, committed 7296K, reserved 1056768K
  class space    used 607K, capacity 620K, committed 640K, reserved 1048576K
}
Event: 5.299 GC heap before
{Heap before GC invocations=5 (full 0):
 PSYoungGen      total 138240K, used 138217K [0x00000000eab00000, 0x00000000f3700000, 0x0000000100000000)
  eden space 133120K, 100% used [0x00000000eab00000,0x00000000f2d00000,0x00000000f2d00000)
  from space 5120K, 99% used [0x00000000f3200000,0x00000000f36fa588,0x00000000f3700000)
  to   space 5120K, 0% used [0x00000000f2d00000,0x00000000f2d00000,0x00000000f3200000)
 ParOldGen       total 87552K, used 21842K [0x00000000c0000000, 0x00000000c5580000, 0x00000000eab00000)
  object space 87552K, 24% used [0x00000000c0000000,0x00000000c1554b28,0x00000000c5580000)
 Metaspace       used 6554K, capacity 7256K, committed 7424K, reserved 1056768K
  class space    used 628K, capacity 656K, committed 768K, reserved 1048576K
Event: 5.522 GC heap after
Heap after GC invocations=5 (full 0):
 PSYoungGen      total 138240K, used 5106K [0x00000000eab00000, 0x00000000fe600000, 0x0000000100000000)
  eden space 133120K, 0% used [0x00000000eab00000,0x00000000eab00000,0x00000000f2d00000)
  from space 5120K, 99% used [0x00000000f2d00000,0x00000000f31fc8d8,0x00000000f3200000)
  to   space 28160K, 0% used [0x00000000fca80000,0x00000000fca80000,0x00000000fe600000)
 ParOldGen       total 87552K, used 43440K [0x00000000c0000000, 0x00000000c5580000, 0x00000000eab00000)
  object space 87552K, 49% used [0x00000000c0000000,0x00000000c2a6c210,0x00000000c5580000)
 Metaspace       used 6554K, capacity 7256K, committed 7424K, reserved 1056768K
  class space    used 628K, capacity 656K, committed 768K, reserved 1048576K
}

Deoptimization events (10 events):
Event: 5.269 Thread 0x0000000056429000 Uncommon trap: reason=class_check action=maybe_recompile pc=0x0000000002c1e0c4 method=com.android.dx.cf.code.Ropper.processBlock(Lcom/android/dx/cf/code/ByteBlock;Lcom/android/dx/cf/code/Frame;[I)V @ 711
Event: 5.280 Thread 0x0000000056429000 Uncommon trap: reason=bimorphic action=maybe_recompile pc=0x0000000002af025c method=com.android.dx.ssa.LiteralOpUpgrader.tryReplacingWithConstant(Lcom/android/dx/ssa/NormalSsaInsn;)Z @ 62
Event: 5.280 Thread 0x0000000056429000 Uncommon trap: reason=unstable_if action=reinterpret pc=0x0000000002aed294 method=com.android.dx.ssa.LiteralOpUpgrader$1.visitNonMoveInsn(Lcom/android/dx/ssa/NormalSsaInsn;)V @ 24
Event: 5.570 Thread 0x000000005642f000 Uncommon trap: reason=bimorphic action=maybe_recompile pc=0x0000000002dfbfa4 method=com.android.dx.cf.code.BytecodeArray.parseInstruction(ILcom/android/dx/cf/code/BytecodeArray$Visitor;)I @ 1357
Event: 5.571 Thread 0x000000005642f000 Uncommon trap: reason=bimorphic action=maybe_recompile pc=0x0000000002dfbfa4 method=com.android.dx.cf.code.BytecodeArray.parseInstruction(ILcom/android/dx/cf/code/BytecodeArray$Visitor;)I @ 1357
Event: 5.576 Thread 0x0000000056429000 Uncommon trap: reason=bimorphic action=maybe_recompile pc=0x0000000002af025c method=com.android.dx.ssa.LiteralOpUpgrader.tryReplacingWithConstant(Lcom/android/dx/ssa/NormalSsaInsn;)Z @ 62
Event: 5.734 Thread 0x000000005642b800 Uncommon trap: reason=unstable_if action=reinterpret pc=0x0000000002da302c method=com.android.dx.ssa.SsaMethod.makeExitBlock()V @ 103
Event: 5.734 Thread 0x000000005642b800 Uncommon trap: reason=unstable_if action=reinterpret pc=0x00000000027bb534 method=com.android.dx.ssa.SsaMethod.getExitBlock()Lcom/android/dx/ssa/SsaBasicBlock; @ 4
Event: 5.736 Thread 0x000000005642b800 Uncommon trap: reason=unstable_if action=reinterpret pc=0x0000000002e0cdc8 method=com.android.dx.ssa.SsaMethod.getExitBlock()Lcom/android/dx/ssa/SsaBasicBlock; @ 4
Event: 5.736 Thread 0x000000005642b800 Uncommon trap: reason=unstable_if action=reinterpret pc=0x0000000002c093a0 method=com.android.dx.ssa.SsaMethod.getExitBlock()Lcom/android/dx/ssa/SsaBasicBlock; @ 4

Internal exceptions (9 events):
Event: 0.029 Thread 0x000000000214e000 Exception <a 'java/lang/NoSuchMethodError': Method sun.misc.Unsafe.defineClass(Ljava/lang/String;[BII)Ljava/lang/Class; name or signature does not match> (0x00000000eab13090) thrown at [C:\re\workspace\8-2-build-windows-amd64-cygwin\jdk8u60\4407\hotspot\srÇGÈ—∫Iù?
Event: 0.029 Thread 0x000000000214e000 Exception <a 'java/lang/NoSuchMethodError': Method sun.misc.Unsafe.prefetchRead(Ljava/lang/Object;J)V name or signature does not match> (0x00000000eab13378) thrown at [C:\re\workspace\8-2-build-windows-amd64-cygwin\jdk8u60\4407\hotspot\src\share\vm\prims\j|Ç’◊x¢Á?
Event: 0.739 Thread 0x0000000056429000 Implicit null exception at 0x0000000002765c52 to 0x0000000002765d59
Event: 1.753 Thread 0x000000005642f000 Implicit null exception at 0x00000000029eb431 to 0x00000000029edb25
Event: 3.046 Thread 0x0000000056429000 Implicit null exception at 0x0000000002bb2e7c to 0x0000000002bb7b49
Event: 3.662 Thread 0x000000005642b800 Implicit null exception at 0x0000000002a3d6ea to 0x0000000002a3ef6d
Event: 4.775 Thread 0x000000005642b800 Exception <a 'java/lang/ArrayIndexOutOfBoundsException': 18> (0x00000000eebf2e98) thrown at [C:\re\workspace\8-2-build-windows-amd64-cygwin\jdk8u60\4407\hotspot\src\share\vm\interpreter\interpreterRuntime.cpp, line 366]
Event: 4.776 Thread 0x000000005642b800 Exception <a 'java/lang/ArrayIndexOutOfBoundsException'> (0x00000000eebf4a18) thrown at [C:\re\workspace\8-2-build-windows-amd64-cygwin\jdk8u60\4407\hotspot\src\share\vm\runtime\sharedRuntime.cpp, line 605]
Event: 4.776 Thread 0x000000005642b800 Exception <a 'java/lang/ArrayIndexOutOfBoundsException'> (0x00000000eebf5d00) thrown at [C:\re\workspace\8-2-build-windows-amd64-cygwin\jdk8u60\4407\hotspot\src\share\vm\runtime\sharedRuntime.cpp, line 605]

Events (10 events):
Event: 5.734 Thread 0x000000005642b800 DEOPT UNPACKING pc=0x000000000243582a sp=0x000000005796ebd8 mode 2
Event: 5.734 Thread 0x000000005642b800 Uncommon trap: trap_request=0xffffff65 fr.pc=0x00000000027bb534
Event: 5.734 Thread 0x000000005642b800 DEOPT PACKING pc=0x00000000027bb534 sp=0x000000005796ead0
Event: 5.734 Thread 0x000000005642b800 DEOPT UNPACKING pc=0x000000000243582a sp=0x000000005796ea48 mode 2
Event: 5.736 Thread 0x000000005642b800 Uncommon trap: trap_request=0xffffff65 fr.pc=0x0000000002e0cdc8
Event: 5.736 Thread 0x000000005642b800 DEOPT PACKING pc=0x0000000002e0cdc8 sp=0x000000005796eb80
Event: 5.736 Thread 0x000000005642b800 DEOPT UNPACKING pc=0x000000000243582a sp=0x000000005796eb20 mode 2
Event: 5.736 Thread 0x000000005642b800 Uncommon trap: trap_request=0xffffff65 fr.pc=0x0000000002c093a0
Event: 5.736 Thread 0x000000005642b800 DEOPT PACKING pc=0x0000000002c093a0 sp=0x000000005796eae0
Event: 5.736 Thread 0x000000005642b800 DEOPT UNPACKING pc=0x000000000243582a sp=0x000000005796ea78 mode 2


Dynamic libraries:
0x000000013fa70000 - 0x000000013faa7000 	D:\Program Files\Java\jdk1.8.0_60\bin\java.exe
0x0000000076cf0000 - 0x0000000076e9a000 	C:\Windows\SYSTEM32\ntdll.dll
0x0000000076bd0000 - 0x0000000076cef000 	C:\Windows\system32\kernel32.dll
0x000007fefcd20000 - 0x000007fefcd8a000 	C:\Windows\system32\KERNELBASE.dll
0x000007fefddd0000 - 0x000007fefdeab000 	C:\Windows\system32\ADVAPI32.dll
0x000007fefce70000 - 0x000007fefcf0f000 	C:\Windows\system32\msvcrt.dll
0x000007fefe320000 - 0x000007fefe33f000 	C:\Windows\SYSTEM32\sechost.dll
0x000007fefcf10000 - 0x000007fefd03d000 	C:\Windows\system32\RPCRT4.dll
0x0000000076ad0000 - 0x0000000076bca000 	C:\Windows\system32\USER32.dll
0x000007fefe5d0000 - 0x000007fefe637000 	C:\Windows\system32\GDI32.dll
0x000007fefe2e0000 - 0x000007fefe2ee000 	C:\Windows\system32\LPK.dll
0x000007fefeed0000 - 0x000007fefef9a000 	C:\Windows\system32\USP10.dll
0x000007fefb0b0000 - 0x000007fefb2a4000 	C:\Windows\WinSxS\amd64_microsoft.windows.common-controls_6595b64144ccf1df_6.0.7601.18837_none_fa3b1e3d17594757\COMCTL32.dll
0x000007fefcdf0000 - 0x000007fefce61000 	C:\Windows\system32\SHLWAPI.dll
0x000007fefe2f0000 - 0x000007fefe31e000 	C:\Windows\system32\IMM32.DLL
0x000007fefe0e0000 - 0x000007fefe1e9000 	C:\Windows\system32\MSCTF.dll
0x0000000060430000 - 0x0000000060502000 	D:\Program Files\Java\jdk1.8.0_60\jre\bin\msvcr100.dll
0x0000000060510000 - 0x0000000060d99000 	D:\Program Files\Java\jdk1.8.0_60\jre\bin\server\jvm.dll
0x000007fef4d50000 - 0x000007fef4d59000 	C:\Windows\system32\WSOCK32.dll
0x000007fefe290000 - 0x000007fefe2dd000 	C:\Windows\system32\WS2_32.dll
0x000007fefe5c0000 - 0x000007fefe5c8000 	C:\Windows\system32\NSI.dll
0x000007fef96a0000 - 0x000007fef96db000 	C:\Windows\system32\WINMM.dll
0x000007fefbb00000 - 0x000007fefbb0c000 	C:\Windows\system32\VERSION.dll
0x0000000076eb0000 - 0x0000000076eb7000 	C:\Windows\system32\PSAPI.DLL
0x0000000070710000 - 0x000000007071f000 	D:\Program Files\Java\jdk1.8.0_60\jre\bin\verify.dll
0x0000000070580000 - 0x00000000705a9000 	D:\Program Files\Java\jdk1.8.0_60\jre\bin\java.dll
0x0000000070660000 - 0x0000000070676000 	D:\Program Files\Java\jdk1.8.0_60\jre\bin\zip.dll
0x000007fefd040000 - 0x000007fefddca000 	C:\Windows\system32\SHELL32.dll
0x000007fefded0000 - 0x000007fefe0d3000 	C:\Windows\system32\ole32.dll
0x000007fefca40000 - 0x000007fefca4f000 	C:\Windows\system32\profapi.dll

VM Arguments:
jvm_args: -Djava.awt.headless=true -Xmx1024M -Dfile.encoding=GBK -Duser.country=CN -Duser.language=zh -Duser.variant 
java_command: com.android.dx.command.Main --dex --num-threads=4 --output E:\workspace_android_studio\MyApplication\app\build\intermediates\pre-dexed\release\com.android.support-support-v4-24.0.0_5feed38f78a5dfa0646fb2ebf202da824d26acc2.jar E:\workspace_android_studio\MyApplication\app\build\intermediates\exploded-aar\com.android.support\support-v4\24.0.0\jars\classes.jar
java_class_path (initial): E:\android-sdk-windows\android-sdk-windows\build-tools\24.0.0\lib\dx.jar
Launcher Type: SUN_STANDARD

Environment Variables:
JAVA_HOME=D:\Program Files\Java\jdk1.8.0_60
CLASSPATH=.;D:\Program Files\Java\jdk1.8.0_60\lib\dt.jar;D:\Program Files\Java\jdk1.8.0_60\lib\tools.jar
PATH=C:\ProgramData\Oracle\Java\javapath;C:\Program Files (x86)\NVIDIA Corporation\PhysX\Common;C:\Windows\system32;C:\Windows;C:\Windows\System32\Wbem;C:\Windows\System32\WindowsPowerShell\v1.0\;D:\Program Files\Java\jdk1.8.0_60\bin;D:\Program Files\Android\Android Studio\gradle\gradle-2.4\bin;D:\Program Files\nodejs\;D:\Program Files (x86)\Git\bin;D:\Program Files (x86)\Git\libexec\git-core;D:\Program Files\TortoiseGit\bin;C:\Users\annru\AppData\Roaming\npm
USERNAME=annru
OS=Windows_NT
PROCESSOR_IDENTIFIER=Intel64 Family 6 Model 94 Stepping 3, GenuineIntel



---------------  S Y S T E M  ---------------

OS: Windows 7 , 64 bit Build 7601 (6.1.7601.23418)

CPU:total 4 (4 cores per cpu, 1 threads per core) family 6 model 94 stepping 3, cmov, cx8, fxsr, mmx, sse, sse2, sse3, ssse3, sse4.1, sse4.2, popcnt, avx, avx2, aes, clmul, erms, rtm, 3dnowpref, lzcnt, tsc, tscinvbit, bmi1, bmi2, adx

Memory: 4k page, physical 8263288k(1023292k free), swap 8261428k(5844k free)

vm_info: Java HotSpot(TM) 64-Bit Server VM (25.60-b23) for windows-amd64 JRE (1.8.0_60-b27), built on Aug  4 2015 11:06:27 by "java_re" with MS VC++ 10.0 (VS2010)

time: Sat Aug 06 11:03:27 2016
elapsed time: 5 seconds (0d 0h 0m 5s)

